<?xml version="1.0" encoding="UTF-8"?>
<!-- Generated by org.testng.reporters.JUnitReportReporter -->
<testsuite hostname="DESKTOP-VAQKFJ2" failures="0" tests="2" name="qa.tests.TC_01_VerifyUserAbleToLoginIntoApplication" time="6.038" errors="0" timestamp="14 Apr 2024 17:52:27 GMT" skipped="0">
  <testcase classname="qa.tests.TC_01_VerifyUserAbleToLoginIntoApplication" name="verifyUserAbleToLoginIntoApplication" time="3.708"/>
  <testcase classname="qa.tests.TC_01_VerifyUserAbleToLoginIntoApplication" name="verifyUserAbleToLoginIntoApplication" time="2.330"/>
</testsuite> <!-- qa.tests.TC_01_VerifyUserAbleToLoginIntoApplication -->
