<?xml version="1.0" encoding="UTF-8"?>
<!-- Generated by org.testng.reporters.JUnitReportReporter -->
<testsuite hostname="DESKTOP-VAQKFJ2" failures="0" tests="2" name="qa.tests.TC_02_VerifyUserAbleToPlaceTheOrder_DDT" time="10.004" errors="0" timestamp="16 Apr 2024 12:02:17 GMT" skipped="0">
  <testcase classname="qa.tests.TC_02_VerifyUserAbleToPlaceTheOrder_DDT" name="verifyUserAbleToPlaceTheOrder" time="4.408"/>
  <testcase classname="qa.tests.TC_02_VerifyUserAbleToPlaceTheOrder_DDT" name="verifyUserAbleToPlaceTheOrder" time="5.596"/>
</testsuite> <!-- qa.tests.TC_02_VerifyUserAbleToPlaceTheOrder_DDT -->
