<?xml version="1.0" encoding="UTF-8"?>
<!-- Generated by org.testng.reporters.JUnitReportReporter -->
<testsuite hostname="DESKTOP-VAQKFJ2" failures="0" tests="1" name="StandloanTest" time="5.552" errors="0" timestamp="14 Apr 2024 08:11:27 GMT" skipped="0">
  <testcase classname="StandloanTest" name="verifyOrderFlow" time="5.552"/>
</testsuite> <!-- StandloanTest -->
