<?xml version="1.0" encoding="UTF-8"?>
<!-- Generated by org.testng.reporters.JUnitReportReporter -->
<testsuite hostname="DESKTOP-VAQKFJ2" failures="0" tests="1" name="qa.tests.TC_01_VerifyUserAbleToPlaceTheOrder" time="6.259" errors="0" timestamp="14 Apr 2024 09:52:11 GMT" skipped="0">
  <testcase classname="qa.tests.TC_01_VerifyUserAbleToPlaceTheOrder" name="verifyUserAbleToPlaceTheOrder" time="6.259"/>
</testsuite> <!-- qa.tests.TC_01_VerifyUserAbleToPlaceTheOrder -->
