<?xml version="1.0" encoding="UTF-8"?>
<!-- Generated by org.testng.reporters.JUnitReportReporter -->
<testsuite hostname="DESKTOP-VAQKFJ2" failures="0" tests="2" name="qa.tests.TC_02_VerifyUserAbleToPlaceTheOrder" time="9.801" errors="0" timestamp="14 Apr 2024 17:52:27 GMT" skipped="0">
  <testcase classname="qa.tests.TC_02_VerifyUserAbleToPlaceTheOrder" name="verifyUserAbleToPlaceTheOrder" time="4.957"/>
  <testcase classname="qa.tests.TC_02_VerifyUserAbleToPlaceTheOrder" name="verifyUserAbleToPlaceTheOrder" time="4.844"/>
</testsuite> <!-- qa.tests.TC_02_VerifyUserAbleToPlaceTheOrder -->
