<?xml version="1.0" encoding="UTF-8"?>
<!-- Generated by org.testng.reporters.JUnitReportReporter -->
<testsuite hostname="DESKTOP-VAQKFJ2" failures="0" tests="2" name="qa.tests.TC_02_VerifyUserAbleToPlaceTheOrder" time="10.467" errors="0" timestamp="15 Apr 2024 08:18:47 GMT" skipped="0">
  <testcase classname="qa.tests.TC_02_VerifyUserAbleToPlaceTheOrder" name="verifyUserAbleToPlaceTheOrder" time="4.866"/>
  <testcase classname="qa.tests.TC_02_VerifyUserAbleToPlaceTheOrder" name="verifyUserAbleToPlaceTheOrder" time="5.601"/>
</testsuite> <!-- qa.tests.TC_02_VerifyUserAbleToPlaceTheOrder -->
