<?xml version="1.0" encoding="UTF-8"?>
<!-- Generated by org.testng.reporters.JUnitReportReporter -->
<testsuite hostname="DESKTOP-VAQKFJ2" failures="0" tests="1" name="StandloanTest" time="4.800" errors="0" timestamp="15 Apr 2024 07:46:58 GMT" skipped="0">
  <testcase classname="StandloanTest" name="verifyOrderFlow" time="4.800"/>
</testsuite> <!-- StandloanTest -->
