<?xml version="1.0" encoding="UTF-8"?>
<!-- Generated by org.testng.reporters.JUnitReportReporter -->
<testsuite hostname="DESKTOP-VAQKFJ2" failures="0" tests="2" name="qa.tests.TC_01_VerifyUserAbleToLoginIntoApplication" time="7.538" errors="0" timestamp="15 Apr 2024 09:57:25 GMT" skipped="0">
  <testcase classname="qa.tests.TC_01_VerifyUserAbleToLoginIntoApplication" name="verifyUserAbleToLoginIntoApplication" time="3.602"/>
  <testcase classname="qa.tests.TC_01_VerifyUserAbleToLoginIntoApplication" name="verifyUserAbleToLoginIntoApplication" time="3.936"/>
</testsuite> <!-- qa.tests.TC_01_VerifyUserAbleToLoginIntoApplication -->
