<?xml version="1.0" encoding="UTF-8"?>
<!-- Generated by org.testng.reporters.JUnitReportReporter -->
<testsuite hostname="DESKTOP-VAQKFJ2" failures="0" tests="4" name="qa.tests.TC_01_VerifyUserAbleToLoginIntoApplication" time="9.586" errors="0" timestamp="15 Apr 2024 08:18:47 GMT" skipped="0">
  <testcase classname="qa.tests.TC_01_VerifyUserAbleToLoginIntoApplication" name="verifyWhetherApplicationProvidAlertMessageWithWrongUserCredentials" time="2.187"/>
  <testcase classname="qa.tests.TC_01_VerifyUserAbleToLoginIntoApplication" name="verifyUserAbleToLoginIntoApplication" time="2.219"/>
  <testcase classname="qa.tests.TC_01_VerifyUserAbleToLoginIntoApplication" name="verifyUserAbleToLoginIntoApplication" time="2.406"/>
  <testcase classname="qa.tests.TC_01_VerifyUserAbleToLoginIntoApplication" name="verifyWhetherApplicationProvidAlertMessageWithWrongUserCredentials" time="2.774"/>
</testsuite> <!-- qa.tests.TC_01_VerifyUserAbleToLoginIntoApplication -->
