<?xml version="1.0" encoding="UTF-8"?>
<!-- Generated by org.testng.reporters.JUnitReportReporter -->
<testsuite hostname="DESKTOP-VAQKFJ2" failures="0" tests="2" name="qa.tests.TC_02_VerifyUserAbleToPlaceTheOrder" time="13.334" errors="0" timestamp="15 Apr 2024 10:19:27 GMT" skipped="0">
  <testcase classname="qa.tests.TC_02_VerifyUserAbleToPlaceTheOrder" name="verifyUserAbleToPlaceTheOrder" time="6.998"/>
  <testcase classname="qa.tests.TC_02_VerifyUserAbleToPlaceTheOrder" name="verifyUserAbleToPlaceTheOrder" time="6.336"/>
</testsuite> <!-- qa.tests.TC_02_VerifyUserAbleToPlaceTheOrder -->
